<?xml version="1.0" encoding="UTF-8"?>
<!-- Generated by org.testng.reporters.JUnitReportReporter -->
<testsuite skipped="0" hostname="DESKTOP-H5R4TCN" name="ableToAddCategory.DropDown" tests="1" failures="0" timestamp="2022-04-24T16:19:18 CDT" time="27.042" errors="0">
  <testcase name="DueDateDropdown" time="27.042" classname="ableToAddCategory.DropDown"/>
  <system-out/>
</testsuite> <!-- ableToAddCategory.DropDown -->
