<?xml version="1.0" encoding="UTF-8"?>
<!-- Generated by org.testng.reporters.JUnitReportReporter -->
<testsuite skipped="0" hostname="DESKTOP-H5R4TCN" name="ableToAddCategory.Addcategory" tests="3" failures="0" timestamp="2022-04-24T16:21:57 CDT" time="46.997" errors="0">
  <testcase name="AbletoAddCategory" time="3.704" classname="ableToAddCategory.Addcategory"/>
  <system-out/>
  <testcase name="NotAbleToAddDuplicate" time="13.431" classname="ableToAddCategory.Addcategory"/>
  <system-out/>
  <testcase name="DueDateDropdown" time="29.862" classname="ableToAddCategory.Addcategory"/>
  <system-out/>
</testsuite> <!-- ableToAddCategory.Addcategory -->
